<?xml version="1.0" encoding="UTF-8"?>
<testng-results ignored="0" total="6" passed="6" failed="0" skipped="0">
  <reporter-output>
  </reporter-output>
  <suite started-at="2023-08-17T03:52:19 EDT" name="Default suite" finished-at="2023-08-17T03:52:33 EDT" duration-ms="13386">
    <groups>
    </groups>
    <test started-at="2023-08-17T03:52:19 EDT" name="Default test" finished-at="2023-08-17T03:52:33 EDT" duration-ms="13386">
      <class name="TestNG.TestNG">
        <test-method signature="AddCustomer()[pri:1, instance:TestNG.TestNG@2a265ea9]" started-at="2023-08-17T03:52:20 EDT" name="AddCustomer" description="Manager is adding customer" finished-at="2023-08-17T03:52:27 EDT" duration-ms="7122" status="PASS">
          <reporter-output>
          </reporter-output>
        </test-method> <!-- AddCustomer -->
        <test-method is-config="true" signature="Aftermethod(org.testng.ITestResult)[pri:0, instance:TestNG.TestNG@2a265ea9]" started-at="2023-08-17T03:52:27 EDT" name="Aftermethod" finished-at="2023-08-17T03:52:27 EDT" duration-ms="4" status="PASS">
          <params>
            <param index="0">
              <value>
                <![CDATA[[TestResult name=AddCustomer status=SUCCESS method=TestNG.AddCustomer()[pri:1, instance:TestNG.TestNG@2a265ea9] output={null}]]]>
              </value>
            </param>
          </params>
          <reporter-output>
          </reporter-output>
        </test-method> <!-- Aftermethod -->
        <test-method signature="OpenAccount()[pri:2, instance:TestNG.TestNG@2a265ea9]" started-at="2023-08-17T03:52:27 EDT" name="OpenAccount" description="Manager is opening account" finished-at="2023-08-17T03:52:28 EDT" duration-ms="1242" status="PASS">
          <reporter-output>
          </reporter-output>
        </test-method> <!-- OpenAccount -->
        <test-method is-config="true" signature="Aftermethod(org.testng.ITestResult)[pri:0, instance:TestNG.TestNG@2a265ea9]" started-at="2023-08-17T03:52:28 EDT" name="Aftermethod" finished-at="2023-08-17T03:52:28 EDT" duration-ms="0" status="PASS">
          <params>
            <param index="0">
              <value>
                <![CDATA[[TestResult name=OpenAccount status=SUCCESS method=TestNG.OpenAccount()[pri:2, instance:TestNG.TestNG@2a265ea9] output={null}]]]>
              </value>
            </param>
          </params>
          <reporter-output>
          </reporter-output>
        </test-method> <!-- Aftermethod -->
        <test-method signature="DepositAmount()[pri:3, instance:TestNG.TestNG@2a265ea9]" started-at="2023-08-17T03:52:28 EDT" name="DepositAmount" description="Customer is depositing amount" finished-at="2023-08-17T03:52:30 EDT" duration-ms="2292" status="PASS">
          <reporter-output>
          </reporter-output>
        </test-method> <!-- DepositAmount -->
        <test-method signature="WithdrawAmount()[pri:4, instance:TestNG.TestNG@2a265ea9]" started-at="2023-08-17T03:52:30 EDT" name="WithdrawAmount" description="Customer is withdrawing amount" finished-at="2023-08-17T03:52:31 EDT" duration-ms="354" status="PASS">
          <reporter-output>
          </reporter-output>
        </test-method> <!-- WithdrawAmount -->
        <test-method is-config="true" signature="Aftermethod(org.testng.ITestResult)[pri:0, instance:TestNG.TestNG@2a265ea9]" started-at="2023-08-17T03:52:30 EDT" name="Aftermethod" finished-at="2023-08-17T03:52:30 EDT" duration-ms="0" status="PASS">
          <params>
            <param index="0">
              <value>
                <![CDATA[[TestResult name=DepositAmount status=SUCCESS method=TestNG.DepositAmount()[pri:3, instance:TestNG.TestNG@2a265ea9] output={null}]]]>
              </value>
            </param>
          </params>
          <reporter-output>
          </reporter-output>
        </test-method> <!-- Aftermethod -->
        <test-method is-config="true" signature="Aftermethod(org.testng.ITestResult)[pri:0, instance:TestNG.TestNG@2a265ea9]" started-at="2023-08-17T03:52:31 EDT" name="Aftermethod" finished-at="2023-08-17T03:52:31 EDT" duration-ms="0" status="PASS">
          <params>
            <param index="0">
              <value>
                <![CDATA[[TestResult name=WithdrawAmount status=SUCCESS method=TestNG.WithdrawAmount()[pri:4, instance:TestNG.TestNG@2a265ea9] output={null}]]]>
              </value>
            </param>
          </params>
          <reporter-output>
          </reporter-output>
        </test-method> <!-- Aftermethod -->
        <test-method signature="ResetTransactions()[pri:5, instance:TestNG.TestNG@2a265ea9]" started-at="2023-08-17T03:52:31 EDT" name="ResetTransactions" description="Customer is resetting transactions" finished-at="2023-08-17T03:52:32 EDT" duration-ms="1232" status="PASS">
          <reporter-output>
          </reporter-output>
        </test-method> <!-- ResetTransactions -->
        <test-method is-config="true" signature="Aftermethod(org.testng.ITestResult)[pri:0, instance:TestNG.TestNG@2a265ea9]" started-at="2023-08-17T03:52:32 EDT" name="Aftermethod" finished-at="2023-08-17T03:52:32 EDT" duration-ms="0" status="PASS">
          <params>
            <param index="0">
              <value>
                <![CDATA[[TestResult name=ResetTransactions status=SUCCESS method=TestNG.ResetTransactions()[pri:5, instance:TestNG.TestNG@2a265ea9] output={null}]]]>
              </value>
            </param>
          </params>
          <reporter-output>
          </reporter-output>
        </test-method> <!-- Aftermethod -->
        <test-method signature="DeleteCustomer()[pri:6, instance:TestNG.TestNG@2a265ea9]" started-at="2023-08-17T03:52:32 EDT" name="DeleteCustomer" description="Manager is deleting customer" finished-at="2023-08-17T03:52:33 EDT" duration-ms="1087" status="PASS">
          <reporter-output>
          </reporter-output>
        </test-method> <!-- DeleteCustomer -->
        <test-method is-config="true" signature="Aftermethod(org.testng.ITestResult)[pri:0, instance:TestNG.TestNG@2a265ea9]" started-at="2023-08-17T03:52:33 EDT" name="Aftermethod" finished-at="2023-08-17T03:52:33 EDT" duration-ms="0" status="PASS">
          <params>
            <param index="0">
              <value>
                <![CDATA[[TestResult name=DeleteCustomer status=SUCCESS method=TestNG.DeleteCustomer()[pri:6, instance:TestNG.TestNG@2a265ea9] output={null}]]]>
              </value>
            </param>
          </params>
          <reporter-output>
          </reporter-output>
        </test-method> <!-- Aftermethod -->
      </class> <!-- TestNG.TestNG -->
    </test> <!-- Default test -->
  </suite> <!-- Default suite -->
</testng-results>
