<?xml version="1.0" encoding="UTF-8"?>
<!-- Generated by org.testng.reporters.JUnitXMLReporter -->
<testsuite ignored="0" hostname="CMDLHRLT257" failures="0" tests="6" name="Default test" time="13.386" errors="0" timestamp="2023-08-17T03:52:33 EDT">
  <testcase classname="TestNG.TestNG" name="AddCustomer" time="7.122"/>
  <testcase classname="TestNG.TestNG" name="OpenAccount" time="1.242"/>
  <testcase classname="TestNG.TestNG" name="DepositAmount" time="2.292"/>
  <testcase classname="TestNG.TestNG" name="WithdrawAmount" time="0.354"/>
  <testcase classname="TestNG.TestNG" name="ResetTransactions" time="1.232"/>
  <testcase classname="TestNG.TestNG" name="DeleteCustomer" time="1.087"/>
</testsuite> <!-- Default test -->
